Replace Part B1 Button in E:\electronics\SMS\SMS.SchDoc with Button from RoboCor.IntLib
Replace Part C1 Cap 39pF in E:\electronics\SMS\SMS.SchDoc with Cap 39pF from RoboCor.IntLib
Replace Part C2 Cap 39pF in E:\electronics\SMS\SMS.SchDoc with Cap 39pF from RoboCor.IntLib
Replace Part C3 Cap 0.1uF in E:\electronics\SMS\SMS.SchDoc with Cap 0.1uF from RoboCor.IntLib
Replace Part C4 Cap 0.1uF in E:\electronics\SMS\SMS.SchDoc with Cap 0.1uF from RoboCor.IntLib
Replace Part C5 Cap 0.1uF in E:\electronics\SMS\SMS.SchDoc with Cap 0.1uF from RoboCor.IntLib
Replace Part C6 Cap 0.1uF in E:\electronics\SMS\SMS.SchDoc with Cap 0.1uF from RoboCor.IntLib
Replace Part C7 Cap 0.1uF in E:\electronics\SMS\SMS.SchDoc with Cap 0.1uF from RoboCor.IntLib
Replace Part C8 Cap 4.7uF in E:\electronics\SMS\SMS.SchDoc with Cap 4.7uF from RoboCor.IntLib
Replace Part D1 Diode Schottky in E:\electronics\SMS\SMS.SchDoc with Diode Schottky from RoboCor.IntLib
Replace Part J1 Conn 5 in E:\electronics\SMS\SMS.SchDoc with Conn 5 from RoboCor.IntLib
Replace Part J2 Conn 4 in E:\electronics\SMS\SMS.SchDoc with Conn 4 from RoboCor.IntLib
Replace Part J3 Conn 4 in E:\electronics\SMS\SMS.SchDoc with Conn 4 from RoboCor.IntLib
Replace Part J4 Conn 4 in E:\electronics\SMS\SMS.SchDoc with Conn 4 from RoboCor.IntLib
Replace Part J5 Conn 4 in E:\electronics\SMS\SMS.SchDoc with Conn 4 from RoboCor.IntLib
Replace Part J6 Conn 4 in E:\electronics\SMS\SMS.SchDoc with Conn 4 from RoboCor.IntLib
Replace Part J7 Conn 4 in E:\electronics\SMS\SMS.SchDoc with Conn 4 from RoboCor.IntLib
Replace Part J8 Conn 4 in E:\electronics\SMS\SMS.SchDoc with Conn 4 from RoboCor.IntLib
Replace Part J9 Conn 4 in E:\electronics\SMS\SMS.SchDoc with Conn 4 from RoboCor.IntLib
Replace Part R1 Res 1k in E:\electronics\SMS\SMS.SchDoc with Res 1k from RoboCor.IntLib
Replace Part R2 Res 1k in E:\electronics\SMS\SMS.SchDoc with Res 1k from RoboCor.IntLib
Replace Part R3 Res 1k in E:\electronics\SMS\SMS.SchDoc with Res 1k from RoboCor.IntLib
Replace Part R4 Res 2k in E:\electronics\SMS\SMS.SchDoc with Res 2k from RoboCor.IntLib
Replace Part R5 Res 2k in E:\electronics\SMS\SMS.SchDoc with Res 2k from RoboCor.IntLib
Replace Part R6 Res 2k in E:\electronics\SMS\SMS.SchDoc with Res 2k from RoboCor.IntLib
Replace Part R7 Res 1k in E:\electronics\SMS\SMS.SchDoc with Res 1k from RoboCor.IntLib
Replace Part R8 Res 1k in E:\electronics\SMS\SMS.SchDoc with Res 1k from RoboCor.IntLib
Replace Part R9 Res 1k in E:\electronics\SMS\SMS.SchDoc with Res 1k from RoboCor.IntLib
Replace Part R10 Res 2k in E:\electronics\SMS\SMS.SchDoc with Res 2k from RoboCor.IntLib
Replace Part R11 Res 2k in E:\electronics\SMS\SMS.SchDoc with Res 2k from RoboCor.IntLib
Replace Part R12 Res 2k in E:\electronics\SMS\SMS.SchDoc with Res 2k from RoboCor.IntLib
Replace Part R13 Res 3.9k in E:\electronics\SMS\SMS.SchDoc with Res 3.9k from RoboCor.IntLib
Replace Part U1 STM32F103C6T6 in E:\electronics\SMS\SMS.SchDoc with STM32F103C6T6 from RoboCor.IntLib
Replace Part U2 LDO 5V in E:\electronics\SMS\SMS.SchDoc with LDO 5V from RoboCor.IntLib
Replace Part U3 LDO 3.3V in E:\electronics\SMS\SMS.SchDoc with LDO 3.3V from RoboCor.IntLib
Replace Part U4 DC-DC in E:\electronics\SMS\SMS.SchDoc with DC-DC from RoboCor.IntLib
Replace Part Y1 Crystal 8MHz in E:\electronics\SMS\SMS.SchDoc with Crystal 8MHz from RoboCor.IntLib
