Added Component: Designator=B1(BUTTON 6x3.5)
Added Component: Designator=C1(0805 Capicator)
Added Component: Designator=C2(0805 Capicator)
Added Component: Designator=C3(0805 Capicator)
Added Component: Designator=C4(0805 Capicator)
Added Component: Designator=C5(0805 Capicator)
Added Component: Designator=C6(0805 Capicator)
Added Component: Designator=C7(0805 Capicator)
Added Component: Designator=C8(0805 Capicator)
Added Component: Designator=D1(sod-123)
Added Component: Designator=J1(PLS 5x1)
Added Component: Designator=J2(PLS 4x1)
Added Component: Designator=J3(PLS 4x1)
Added Component: Designator=J4(PLS 4x1)
Added Component: Designator=Q1(SOT-23)
Added Component: Designator=R1(0805 Resistor)
Added Component: Designator=R2(0805 Resistor)
Added Component: Designator=R3(0805 Resistor)
Added Component: Designator=U1(STM32F103C6T6)
Added Component: Designator=U2(TO-252)
Added Component: Designator=U3(SOT-223)
Added Component: Designator=U4(DC-DC)
Added Component: Designator=Y1(hc-49sm)
Added Pin To Net: NetName=+3.3V Pin=D1-2
Added Pin To Net: NetName=+3.3V Pin=J2-4
Added Pin To Net: NetName=+3.3V Pin=U3-2
Added Pin To Net: NetName=+3.3V Pin=U3-2
Added Net: Name=+3.3V
Added Pin To Net: NetName=+5V Pin=J3-4
Added Pin To Net: NetName=+5V Pin=Q1-3
Added Pin To Net: NetName=+5V Pin=R1-2
Added Pin To Net: NetName=+5V Pin=U2-2
Added Net: Name=+5V
Added Pin To Net: NetName=+7.4V Pin=U2-3
Added Pin To Net: NetName=+7.4V Pin=U3-3
Added Pin To Net: NetName=+7.4V Pin=U4-3
Added Net: Name=+7.4V
Added Pin To Net: NetName=+12V Pin=J4-4
Added Pin To Net: NetName=+12V Pin=U4-1
Added Net: Name=+12V
Added Pin To Net: NetName=GND12 Pin=J4-3
Added Pin To Net: NetName=GND12 Pin=U4-2
Added Net: Name=GND12
Added Pin To Net: NetName=GND Pin=B1-1
Added Pin To Net: NetName=GND Pin=C1-1
Added Pin To Net: NetName=GND Pin=C2-1
Added Pin To Net: NetName=GND Pin=C3-1
Added Pin To Net: NetName=GND Pin=C4-1
Added Pin To Net: NetName=GND Pin=C5-1
Added Pin To Net: NetName=GND Pin=C6-1
Added Pin To Net: NetName=GND Pin=C7-1
Added Pin To Net: NetName=GND Pin=C8-1
Added Pin To Net: NetName=GND Pin=J1-3
Added Pin To Net: NetName=GND Pin=J2-1
Added Pin To Net: NetName=GND Pin=J3-1
Added Pin To Net: NetName=GND Pin=R3-1
Added Pin To Net: NetName=GND Pin=U2-1
Added Pin To Net: NetName=GND Pin=U4-4
Added Net: Name=GND
Added Pin To Net: NetName=NetC1_2 Pin=C1-2
Added Pin To Net: NetName=NetC1_2 Pin=U1-5
Added Pin To Net: NetName=NetC1_2 Pin=Y1-2
Added Net: Name=NetC1_2
Added Pin To Net: NetName=NetC2_2 Pin=C2-2
Added Pin To Net: NetName=NetC2_2 Pin=U1-6
Added Pin To Net: NetName=NetC2_2 Pin=Y1-1
Added Net: Name=NetC2_2
Added Pin To Net: NetName=NetC3_2 Pin=C3-2
Added Pin To Net: NetName=NetC3_2 Pin=C5-2
Added Pin To Net: NetName=NetC3_2 Pin=C6-2
Added Pin To Net: NetName=NetC3_2 Pin=C7-2
Added Pin To Net: NetName=NetC3_2 Pin=C8-2
Added Pin To Net: NetName=NetC3_2 Pin=U1-24
Added Net: Name=NetC3_2
Added Pin To Net: NetName=NetD1_1 Pin=D1-1
Added Pin To Net: NetName=NetD1_1 Pin=J1-5
Added Net: Name=NetD1_1
Added Pin To Net: NetName=NetQ1_1 Pin=Q1-1
Added Pin To Net: NetName=NetQ1_1 Pin=R1-1
Added Pin To Net: NetName=NetQ1_1 Pin=R2-2
Added Net: Name=NetQ1_1
Added Pin To Net: NetName=NetR3_2 Pin=R3-2
Added Pin To Net: NetName=NetR3_2 Pin=U1-44
Added Net: Name=NetR3_2
Added Pin To Net: NetName=NetU1_8 Pin=U1-8
Added Pin To Net: NetName=NetU1_8 Pin=U1-23
Added Pin To Net: NetName=NetU1_8 Pin=U1-35
Added Pin To Net: NetName=NetU1_8 Pin=U1-47
Added Net: Name=NetU1_8
Added Pin To Net: NetName=NRST Pin=B1-2
Added Pin To Net: NetName=NRST Pin=C4-2
Added Pin To Net: NetName=NRST Pin=J1-1
Added Pin To Net: NetName=NRST Pin=U1-7
Added Net: Name=NRST
Added Pin To Net: NetName=servo_contorl_PDM Pin=J3-3
Added Pin To Net: NetName=servo_contorl_PDM Pin=Q1-2
Added Net: Name=servo_contorl_PDM
Added Pin To Net: NetName=servo_contorl Pin=R2-1
Added Pin To Net: NetName=servo_contorl Pin=U1-29
Added Net: Name=servo_contorl
Added Pin To Net: NetName=servo_feedback Pin=J3-2
Added Pin To Net: NetName=servo_feedback Pin=U1-16
Added Net: Name=servo_feedback
Added Pin To Net: NetName=SWCLK Pin=J1-4
Added Pin To Net: NetName=SWCLK Pin=U1-37
Added Net: Name=SWCLK
Added Pin To Net: NetName=SWDIO Pin=J1-2
Added Pin To Net: NetName=SWDIO Pin=U1-34
Added Net: Name=SWDIO
Added Pin To Net: NetName=USART_to_Rasp_RX Pin=J2-2
Added Pin To Net: NetName=USART_to_Rasp_RX Pin=U1-31
Added Net: Name=USART_to_Rasp_RX
Added Pin To Net: NetName=USART_to_Rasp_TX Pin=J2-3
Added Pin To Net: NetName=USART_to_Rasp_TX Pin=U1-30
Added Net: Name=USART_to_Rasp_TX
Added Class: Name=RMS
Added Room: Name=RMS
